<?xml version="1.0" encoding="UTF-8"?>
<testng-results ignored="0" total="2" passed="2" failed="0" skipped="0">
  <reporter-output>
  </reporter-output>
  <suite started-at="2025-04-19T01:10:19 IST" name="Default suite" finished-at="2025-04-19T01:10:25 IST" duration-ms="6638">
    <groups>
    </groups>
    <test started-at="2025-04-19T01:10:19 IST" name="Default test" finished-at="2025-04-19T01:10:25 IST" duration-ms="6638">
      <class name="com.swaglabstests.LoginTest">
        <test-method is-config="true" signature="setUp()[pri:0, instance:com.swaglabstests.LoginTest@7586beff]" started-at="2025-04-19T01:10:19 IST" name="setUp" finished-at="2025-04-19T01:10:22 IST" duration-ms="3326" status="PASS">
          <reporter-output>
          </reporter-output>
        </test-method> <!-- setUp -->
        <test-method signature="testHomePageLoadAfterLogin(java.lang.String,java.lang.String)[pri:0, instance:com.swaglabstests.LoginTest@7586beff]" started-at="2025-04-19T01:10:22 IST" name="testHomePageLoadAfterLogin" data-provider="csvCredentials" finished-at="2025-04-19T01:10:23 IST" duration-ms="921" status="PASS">
          <params>
            <param index="0">
              <value>
                <![CDATA[standard_user]]>
              </value>
            </param>
            <param index="1">
              <value>
                <![CDATA[secret_sauce]]>
              </value>
            </param>
          </params>
          <reporter-output>
          </reporter-output>
        </test-method> <!-- testHomePageLoadAfterLogin -->
        <test-method is-config="true" signature="tearDown()[pri:0, instance:com.swaglabstests.LoginTest@7586beff]" started-at="2025-04-19T01:10:23 IST" name="tearDown" finished-at="2025-04-19T01:10:23 IST" duration-ms="171" status="PASS">
          <reporter-output>
          </reporter-output>
        </test-method> <!-- tearDown -->
        <test-method is-config="true" signature="setUp()[pri:0, instance:com.swaglabstests.LoginTest@7586beff]" started-at="2025-04-19T01:10:23 IST" name="setUp" finished-at="2025-04-19T01:10:25 IST" duration-ms="1494" status="PASS">
          <reporter-output>
          </reporter-output>
        </test-method> <!-- setUp -->
        <test-method signature="testHomePageLoadAfterLogin(java.lang.String,java.lang.String)[pri:0, instance:com.swaglabstests.LoginTest@7586beff]" started-at="2025-04-19T01:10:25 IST" name="testHomePageLoadAfterLogin" data-provider="csvCredentials" finished-at="2025-04-19T01:10:25 IST" duration-ms="523" status="PASS">
          <params>
            <param index="0">
              <value>
                <![CDATA[problem_user]]>
              </value>
            </param>
            <param index="1">
              <value>
                <![CDATA[secret_sauce]]>
              </value>
            </param>
          </params>
          <reporter-output>
          </reporter-output>
        </test-method> <!-- testHomePageLoadAfterLogin -->
        <test-method is-config="true" signature="tearDown()[pri:0, instance:com.swaglabstests.LoginTest@7586beff]" started-at="2025-04-19T01:10:25 IST" name="tearDown" finished-at="2025-04-19T01:10:25 IST" duration-ms="149" status="PASS">
          <reporter-output>
          </reporter-output>
        </test-method> <!-- tearDown -->
      </class> <!-- com.swaglabstests.LoginTest -->
    </test> <!-- Default test -->
  </suite> <!-- Default suite -->
</testng-results>
